<?xml version="1.0" encoding="UTF-8"?>
<!-- Generated by org.testng.reporters.JUnitReportReporter -->
<testsuite hostname="DESKTOP-O7P3JCP" failures="0" tests="1" name="com.stc.tests.SubscriptionTypeValidationKSATest" time="8.373" errors="0" timestamp="04 Apr 2023 15:18:18 GMT" skipped="0">
  <testcase classname="com.stc.tests.SubscriptionTypeValidationKSATest" name="subscriptionValidationKSATest" time="8.373"/>
</testsuite> <!-- com.stc.tests.SubscriptionTypeValidationKSATest -->
