<?xml version="1.0" encoding="UTF-8"?>
<!-- Generated by org.testng.reporters.JUnitReportReporter -->
<testsuite hostname="DESKTOP-O7P3JCP" failures="0" tests="1" name="com.stc.tests.SubscriptionCurruncyValidationKSATest" time="8.772" errors="0" timestamp="04 Apr 2023 15:18:18 GMT" skipped="0">
  <testcase classname="com.stc.tests.SubscriptionCurruncyValidationKSATest" name="subscriptionValidationKSATest" time="8.772"/>
</testsuite> <!-- com.stc.tests.SubscriptionCurruncyValidationKSATest -->
